<?xml version="1.0" encoding="UTF-8"?>
<!-- Generated by org.testng.reporters.JUnitReportReporter -->
<testsuite hostname="EXIPC0241" failures="0" tests="1" name="webApplication.Amazon_TC" time="11.899" errors="0" timestamp="2021-10-19T22:42:37 IST" skipped="0">
  <testcase classname="webApplication.Amazon_TC" name="do_amazon_login" time="11.899"/>
  <system-out/>
</testsuite> <!-- webApplication.Amazon_TC -->
