<?xml version="1.0" encoding="UTF-8"?>
<!-- Generated by org.testng.reporters.JUnitReportReporter -->
<testsuite hostname="EXIPC0241" failures="0" tests="2" name="webArch.DanRyanTC$DanRyanTest1" time="25.630" errors="0" timestamp="2021-10-11T16:34:41 IST" skipped="0">
  <testcase classname="webArch.DanRyanTC$DanRyanTest1" name="VerifyComm" time="25.573"/>
  <system-out/>
  <testcase classname="webArch.DanRyanTC$DanRyanTest1" name="VerifySiteLogo" time="0.057"/>
  <system-out/>
</testsuite> <!-- webArch.DanRyanTC$DanRyanTest1 -->
