<?xml version="1.0" encoding="UTF-8"?>
<!-- Generated by org.testng.reporters.JUnitReportReporter -->
<testsuite hostname="EXIPC0241" failures="0" tests="2" name="webApplication.Amazon_TC1" time="17.685" errors="0" timestamp="2021-10-19T17:57:49 IST" skipped="0">
  <testcase classname="webApplication.Amazon_TC1" name="do_amazon_login" time="12.073"/>
  <system-out/>
  <testcase classname="webApplication.Amazon_TC1" name="do_amazon_register" time="5.612"/>
  <system-out/>
</testsuite> <!-- webApplication.Amazon_TC1 -->
