<?xml version="1.0" encoding="UTF-8"?>
<!-- Generated by org.testng.reporters.JUnitReportReporter -->
<testsuite hostname="EXIPC0241" failures="0" tests="1" name="duda.Test1" time="3.239" errors="0" timestamp="2021-10-13T16:19:58 IST" skipped="0">
  <testcase classname="duda.Test1" name="test" time="3.239"/>
  <system-out/>
</testsuite> <!-- duda.Test1 -->
