<?xml version="1.0" encoding="UTF-8"?>
<!-- Generated by org.testng.reporters.JUnitReportReporter -->
<testsuite hostname="EXIPC0241" failures="0" tests="1" name="webApplication.Amazon_test" time="5.525" errors="0" timestamp="2021-10-19T17:26:38 IST" skipped="0">
  <testcase classname="webApplication.Amazon_test" name="do_amazon_login" time="5.525"/>
  <system-out/>
</testsuite> <!-- webApplication.Amazon_test -->
