<?xml version="1.0" encoding="UTF-8"?>
<!-- Generated by org.testng.reporters.JUnitReportReporter -->
<testsuite hostname="EXIPC0241" failures="0" tests="1" name="webArch.Test2" time="13.640" errors="0" timestamp="2021-10-13T14:55:46 IST" skipped="0">
  <testcase classname="webArch.Test2" name="FirstRun" time="13.640"/>
  <system-out/>
</testsuite> <!-- webArch.Test2 -->
